     1                                  bits 32
     2                                  global start
     3                                  
     4                                  import printf msvcrt.dll
     5                                  import exit msvcrt.dll
     6                                  extern printf, exit
     7                                  
     8                                  extern factorial
     9                                  
    10                                  segment data use32
    11 00000000 666163746F7269616C-     	format_string db "factorial=%d", 0
    11 00000009 3D256400           
    12                                  
    13                                    segment code use32 public code
    14                                  start:
    15 00000000 6A06                    	push dword 6
    16 00000002 E8(00000000)            	call factorial
    17                                  
    18 00000007 50                      	push eax
    19 00000008 68[00000000]            	push format_string
    20 0000000D FF15[00000000]          	call [printf]
    21 00000013 83C408                  	add esp, 2*4
    22                                  
    23 00000016 6A00                    	push 0
    24 00000018 FF15[00000000]          	call [exit]
