     1                                  bits 32 ; assembling for the 32 bits architecture
     2                                  
     3                                  ; declare the EntryPoint (a label defining the very first instruction of the program)
     4                                  global start        
     5                                  
     6                                  ; declare external functions needed by our program
     7                                  extern exit ,printf             ; tell nasm that exit exists even if we won't be defining it
     8                                  import exit msvcrt.dll
     9                                  import printf msvcrt.dll    ; exit is a function that ends the calling process. It is defined in msvcrt.dll
    10                                                            ; msvcrt.dll contains exit, printf and all the other important C-runtime specific functions
    11                                  
    12                                  ; our data is declared here (the variables needed by our program)
    13                                  segment data use32 class=data
    14                                      ; ...
    15 00000000 61626364                  a db 'abcd'
    16 00000004 64636261                b db 'dcba'
    17                                  ; our code starts here
    18                                  segment code use32 class=code
    19                                      start:
    20                                          ; ...
    21 00000000 FC                        cld
    22 00000001 BE[00000000]            mov esi, a
    23 00000006 BF[04000000]            mov edi, b
    24 0000000B A6                      cmpsb
    25 0000000C A6                      cmpsb
    26 0000000D 7500                    JNE eticheta
    27                                  eticheta:
    28 0000000F 66B80100                    MOV ax,1
    29                                          ; exit(0)
    30 00000013 6A00                            push    dword 0      ; push the parameter for exit onto the stack
    31 00000015 FF15[00000000]                  call    [exit]       ; call exit to terminate the program
