     1                                  bits 32 ; assembling for the 32 bits architecture
     2                                  
     3                                  ; declare the EntryPoint (a label defining the very first instruction of the program)
     4                                  global start        
     5                                  
     6                                  ; declare external functions needed by our program
     7                                  extern exit               ; tell nasm that exit exists even if we won't be defining it
     8                                  extern _Prime
     9                                  import exit msvcrt.dll    ; exit is a function that ends the calling process. It is defined in msvcrt.dll
    10                                                            ; msvcrt.dll contains exit, printf and all the other important C-runtime specific functions
    11                                  
    12                                  ; our data is declared here (the variables needed by our program)
    13                                  segment data use32 class=data
    14                                      ; ...
    15                                  
    16                                  ; our code starts here
    17                                  segment code use32 class=code
    18                                      start:
    19                                          ; ...
    20                                          
    21 00000000 B808000000                      mov eax, 8
    22 00000005 50                              push eax
    23 00000006 FF15[00000000]                  call [_Prime]
    24                                          
    25                                          
    26                                          ; exit(0)
    27 0000000C 6A00                            push    dword 0      ; push the parameter for exit onto the stack
    28 0000000E FF15[00000000]                  call    [exit]       ; call exit to terminate the program
