     1                                  bits 32 ; assembling for the 32 bits architecture
     2                                  
     3                                  ; declare the EntryPoint (a label defining the very first instruction of the program)
     4                                  global start        
     5                                  
     6                                  ; declare external functions needed by our program
     7                                  extern exit               ; tell nasm that exit exists even if we won't be defining it
     8                                  extern _Prime
     9                                  extern printf
    10                                  import exit msvcrt.dll
    11                                  import printf msvcrt.dll    ; exit is a function that ends the calling process. It is defined in msvcrt.dll
    12                                                            ; msvcrt.dll contains exit, printf and all the other important C-runtime specific functions
    13                                  
    14                                  ; our data is declared here (the variables needed by our program)
    15                                  segment data use32 class=data
    16                                      ; ...
    17 00000000 2564                        format db "%d"
    18                                  ; our code starts here
    19                                  segment code use32 class=code
    20                                      start:
    21                                          ; ...
    22                                          
    23 00000000 B808000000                      mov eax, 8
    24 00000005 50                              push eax
    25 00000006 FF15[00000000]                  call [_Prime]
    26                                          
    27 0000000C 50                              push eax
    28 0000000D 68[00000000]                    push format
    29 00000012 FF15[00000000]                  call [printf]
    30 00000018 83C408                          add esp, 4*2
    31                                          
    32                                          
    33                                          
    34                                          ; exit(0)
    35 0000001B 6A00                            push    dword 0      ; push the parameter for exit onto the stack
    36 0000001D FF15[00000000]                  call    [exit]       ; call exit to terminate the program
